[Monday, August 25, 2025 12:55 PM] Completed: Design JSON schema for character presets
[Monday, August 25, 2025 2:47 PM] Completed: Implement basic material shaders for skin
[Monday, August 25, 2025 2:50 PM] Completed: Set up wireframe/solid toggle for debugging
[Monday, August 25, 2025 3:28 PM] Completed: Set up state management for character data
[Monday, August 25, 2025 3:35 PM] Completed: Implement model switching mechanism (Male <-> Female)
[Tuesday, August 26, 2025 10:19 AM] Completed: Initialize version control and CI/CD pipeline
[Tuesday, August 26, 2025 10:21 AM] Completed: Create skeleton binding for base meshes
[Tuesday, August 26, 2025 10:37 AM] Completed: Set up wireframe/solid toggle for debugging
[Tuesday, August 26, 2025 11:05 AM] Completed: Set up lighting rig (key, fill, rim lights)
[Tuesday, August 26, 2025 2:56 PM] Completed: Implement model switching mechanism (Male <-> Female)
[Tuesday, August 26, 2025 3:33 PM] Completed: Load base female 3D model geometry
[Tuesday, August 26, 2025 3:44 PM] Completed: Set up state management for character data
[Tuesday, August 26, 2025 5:46 PM] Completed: Design JSON schema for character presets
[Wednesday, August 27, 2025 9:20 AM] Completed: Load base male 3D model geometry
[Wednesday, August 27, 2025 11:52 AM] Completed: Implement camera orbit, pan, and zoom controls
[Wednesday, August 27, 2025 2:13 PM] Completed: Implement basic material shaders for skin
[Wednesday, August 27, 2025 5:04 PM] Completed: Implement model switching mechanism (Male <-> Female)
[Thursday, August 28, 2025 12:13 PM] Completed: Set up state management for character data
[Thursday, August 28, 2025 12:16 PM] Completed: Design JSON schema for character presets
[Thursday, August 28, 2025 1:32 PM] Completed: Set up wireframe/solid toggle for debugging
[Thursday, August 28, 2025 1:50 PM] Completed: Setup asset pipeline for model imports
[Thursday, August 28, 2025 2:39 PM] Completed: Implement core event bus for UI-to-Engine communication
[Thursday, August 28, 2025 3:18 PM] Completed: Create skeleton binding for base meshes
[Thursday, August 28, 2025 4:42 PM] Completed: Implement camera orbit, pan, and zoom controls
[Thursday, August 28, 2025 5:56 PM] Completed: Implement basic material shaders for skin
[Friday, August 29, 2025 9:11 AM] Completed: Implement camera orbit, pan, and zoom controls
[Friday, August 29, 2025 9:34 AM] Completed: Initialize version control and CI/CD pipeline
[Friday, August 29, 2025 11:19 AM] Completed: Create skeleton binding for base meshes
[Friday, August 29, 2025 11:22 AM] Completed: Set up wireframe/solid toggle for debugging
[Friday, August 29, 2025 12:46 PM] Completed: Set up lighting rig (key, fill, rim lights)
[Friday, August 29, 2025 2:25 PM] Completed: Set up state management for character data
[Friday, August 29, 2025 2:41 PM] Completed: Initialize WebGL/Unreal/Unity project structure
[Tuesday, September 02, 2025 9:21 AM] Completed: Design JSON schema for character presets
[Tuesday, September 02, 2025 9:23 AM] Completed: Bind UI sliders to generic morph target events
[Tuesday, September 02, 2025 9:38 AM] Completed: Implement model switching mechanism (Male <-> Female)
[Tuesday, September 02, 2025 10:54 AM] Completed: Implement basic material shaders for skin
